1544185965251	mozrunner::runner	INFO	Running command: "/usr/bin/firefox" "-marionette" "-foreground" "-no-remote" "-profile" "/tmp/rust_mozprofile.KNmLGwDfiJqc"
1544185968482	Marionette	INFO	Listening on port 39965
1544185968570	Marionette	WARN	TLS certificate errors will be ignored for this session
[Parent 5608, Gecko_IOThread] WARNING: pipe error (70): 连接被对方重设: file /build/firefox-Qjvn2X/firefox-63.0.3+build1/ipc/chromium/src/chrome/common/ipc_channel_posix.cc, line 356
[Parent 5608, Gecko_IOThread] WARNING: pipe error (106): 连接被对方重设: file /build/firefox-Qjvn2X/firefox-63.0.3+build1/ipc/chromium/src/chrome/common/ipc_channel_posix.cc, line 356
1544186050832	Marionette	INFO	Stopped listening on port 39965
1544186055657	mozrunner::runner	INFO	Running command: "/usr/bin/firefox" "-marionette" "-foreground" "-no-remote" "-profile" "/tmp/rust_mozprofile.2xuUS8tXoNFg"
1544186059061	Marionette	INFO	Listening on port 44489
1544186059099	Marionette	WARN	TLS certificate errors will be ignored for this session
1544186149521	mozrunner::runner	INFO	Running command: "/usr/bin/firefox" "-marionette" "-foreground" "-no-remote" "-profile" "/tmp/rust_mozprofile.CMyhNgjyBGlm"
1544186153275	Marionette	INFO	Listening on port 39427
1544186153336	Marionette	WARN	TLS certificate errors will be ignored for this session
[Parent 6182, Gecko_IOThread] WARNING: pipe error (70): 连接被对方重设: file /build/firefox-Qjvn2X/firefox-63.0.3+build1/ipc/chromium/src/chrome/common/ipc_channel_posix.cc, line 356
1544186166823	Marionette	INFO	Stopped listening on port 39427
1544186194937	mozrunner::runner	INFO	Running command: "/usr/bin/firefox" "-marionette" "-foreground" "-no-remote" "-profile" "/tmp/rust_mozprofile.rhaUVtMbfjKi"
1544186197892	Marionette	INFO	Listening on port 40881
1544186197979	Marionette	WARN	TLS certificate errors will be ignored for this session
console.error: BroadcastService: 
  receivedBroadcastMessage: handler for
  remote-settings/monitor_changes
  threw error:
  Message: Error: Polling for changes failed: NetworkError when attempting to fetch resource..
  Stack:
    remoteSettingsFunction/remoteSettings.pollChanges@resource://services-settings/remote-settings.js:721:13

